This file contains any messages produced by compilers while
running configure, to aid debugging if configure makes a mistake.

It was created by mcpp configure 2.7.2, which was
generated by GNU Autoconf 2.63.  Invocation command line was

  $ ./configure 

## --------- ##
## Platform. ##
## --------- ##

hostname = ito-2
uname -m = x86_64
uname -r = 3.10.0-514.26.2.el7.x86_64
uname -s = Linux
uname -v = #1 SMP Fri Jun 30 05:26:04 UTC 2017

/usr/bin/uname -p = x86_64
/bin/uname -X     = unknown

/bin/arch              = x86_64
/usr/bin/arch -k       = unknown
/usr/convex/getsysinfo = unknown
/usr/bin/hostinfo      = unknown
/bin/machine           = unknown
/usr/bin/oslevel       = unknown
/bin/universe          = unknown

PATH: /opt/kusu/bin
PATH: /opt/kusu/sbin
PATH: /usr/pgsql-9.0/bin
PATH: /home/usr9/r70209a/.vscode-server/bin/3b889b090b5ad5793f524b5d1d39fda662b96a2a/bin/remote-cli
PATH: /opt/FJSVpclang/1.2.0/bin
PATH: /usr/local/bin
PATH: /opt/kusu/bin
PATH: /opt/kusu/sbin
PATH: /usr/pgsql-9.0/bin
PATH: /opt/FJSVpclang/1.2.0/bin
PATH: /usr/local/bin
PATH: /usr/lib64/qt-3.3/bin
PATH: /opt/kusu/bin
PATH: /opt/kusu/sbin
PATH: /usr/pgsql-9.0/bin
PATH: /usr/local/bin
PATH: /usr/bin
PATH: /usr/local/sbin
PATH: /usr/sbin
PATH: /opt/ibutils/bin
PATH: /home/usr9/r70209a/.local/bin
PATH: /home/usr9/r70209a/bin
PATH: /home/usr9/r70209a/.local/bin
PATH: /home/usr9/r70209a/bin
PATH: /home/usr9/r70209a/clisp-2.49/build-dir/


## ----------- ##
## Core tests. ##
## ----------- ##

configure:2135: checking build system type
configure:2153: result: x86_64-unknown-linux-gnu
configure:2175: checking host system type
configure:2190: result: x86_64-unknown-linux-gnu
configure:2212: checking target system type
configure:2227: result: x86_64-unknown-linux-gnu
configure:2271: checking for a BSD-compatible install
configure:2339: result: /usr/bin/install -c
configure:2350: checking whether build environment is sane
configure:2393: result: yes
configure:2418: checking for a thread-safe mkdir -p
configure:2457: result: /usr/bin/mkdir -p
configure:2470: checking for gawk
configure:2486: found /usr/bin/gawk
configure:2497: result: gawk
configure:2508: checking whether make sets $(MAKE)
configure:2530: result: yes
configure:2764: checking for gcc
configure:2780: found /usr/bin/gcc
configure:2791: result: gcc
configure:3023: checking for C compiler version
configure:3031: gcc --version >&5
gcc (GCC) 4.8.5 20150623 (Red Hat 4.8.5-11)
Copyright (C) 2015 Free Software Foundation, Inc.
This is free software; see the source for copying conditions.  There is NO
warranty; not even for MERCHANTABILITY or FITNESS FOR A PARTICULAR PURPOSE.

configure:3035: $? = 0
configure:3042: gcc -v >&5
Using built-in specs.
COLLECT_GCC=gcc
COLLECT_LTO_WRAPPER=/usr/libexec/gcc/x86_64-redhat-linux/4.8.5/lto-wrapper
Target: x86_64-redhat-linux
Configured with: ../configure --prefix=/usr --mandir=/usr/share/man --infodir=/usr/share/info --with-bugurl=http://bugzilla.redhat.com/bugzilla --enable-bootstrap --enable-shared --enable-threads=posix --enable-checking=release --with-system-zlib --enable-__cxa_atexit --disable-libunwind-exceptions --enable-gnu-unique-object --enable-linker-build-id --with-linker-hash-style=gnu --enable-languages=c,c++,objc,obj-c++,java,fortran,ada,go,lto --enable-plugin --enable-initfini-array --disable-libgcj --with-isl=/builddir/build/BUILD/gcc-4.8.5-20150702/obj-x86_64-redhat-linux/isl-install --with-cloog=/builddir/build/BUILD/gcc-4.8.5-20150702/obj-x86_64-redhat-linux/cloog-install --enable-gnu-indirect-function --with-tune=generic --with-arch_32=x86-64 --build=x86_64-redhat-linux
Thread model: posix
gcc version 4.8.5 20150623 (Red Hat 4.8.5-11) (GCC) 
configure:3046: $? = 0
configure:3053: gcc -V >&5
gcc: error: unrecognized command line option '-V'
gcc: fatal error: no input files
compilation terminated.
configure:3057: $? = 4
configure:3080: checking for C compiler default output file name
configure:3102: gcc    conftest.c  >&5
configure:3106: $? = 0
configure:3144: result: a.out
configure:3163: checking whether the C compiler works
configure:3173: ./a.out
configure:3177: $? = 0
configure:3196: result: yes
configure:3203: checking whether we are cross compiling
configure:3205: result: no
configure:3208: checking for suffix of executables
configure:3215: gcc -o conftest    conftest.c  >&5
configure:3219: $? = 0
configure:3245: result: 
configure:3251: checking for suffix of object files
configure:3277: gcc -c   conftest.c >&5
configure:3281: $? = 0
configure:3306: result: o
configure:3310: checking whether we are using the GNU C compiler
configure:3339: gcc -c   conftest.c >&5
configure:3346: $? = 0
configure:3363: result: yes
configure:3372: checking whether gcc accepts -g
configure:3402: gcc -c -g  conftest.c >&5
configure:3409: $? = 0
configure:3510: result: yes
configure:3527: checking for gcc option to accept ISO C89
configure:3601: gcc  -c -g -O2  conftest.c >&5
configure:3608: $? = 0
configure:3631: result: none needed
configure:3654: checking how to run the C preprocessor
configure:3694: gcc -E  conftest.c
configure:3701: $? = 0
configure:3732: gcc -E  conftest.c
conftest.c:10:28: fatal error: ac_nonexistent.h: No such file or directory
 #include <ac_nonexistent.h>
                            ^
compilation terminated.
configure:3739: $? = 1
configure: failed program was:
| /* confdefs.h.  */
| #define PACKAGE_NAME "mcpp"
| #define PACKAGE_TARNAME "mcpp"
| #define PACKAGE_VERSION "2.7.2"
| #define PACKAGE_STRING "mcpp 2.7.2"
| #define PACKAGE_BUGREPORT "kmatsui@t3.rim.or.jp"
| #define PACKAGE "mcpp"
| #define VERSION "2.7.2"
| /* end confdefs.h.  */
| #include <ac_nonexistent.h>
configure:3772: result: gcc -E
configure:3801: gcc -E  conftest.c
configure:3808: $? = 0
configure:3839: gcc -E  conftest.c
conftest.c:10:28: fatal error: ac_nonexistent.h: No such file or directory
 #include <ac_nonexistent.h>
                            ^
compilation terminated.
configure:3846: $? = 1
configure: failed program was:
| /* confdefs.h.  */
| #define PACKAGE_NAME "mcpp"
| #define PACKAGE_TARNAME "mcpp"
| #define PACKAGE_VERSION "2.7.2"
| #define PACKAGE_STRING "mcpp 2.7.2"
| #define PACKAGE_BUGREPORT "kmatsui@t3.rim.or.jp"
| #define PACKAGE "mcpp"
| #define VERSION "2.7.2"
| /* end confdefs.h.  */
| #include <ac_nonexistent.h>
configure:3899: checking for a BSD-compatible install
configure:3967: result: /usr/bin/install -c
configure:3978: checking for grep that handles long lines and -e
configure:4038: result: /usr/bin/grep
configure:4043: checking for egrep
configure:4107: result: /usr/bin/grep -E
configure:4186: checking for a sed that does not truncate output
configure:4242: result: /usr/bin/sed
configure:4256: checking for ld used by gcc
configure:4323: result: /usr/bin/ld
configure:4332: checking if the linker (/usr/bin/ld) is GNU ld
configure:4347: result: yes
configure:4352: checking for /usr/bin/ld option to reload object files
configure:4359: result: -r
configure:4377: checking for BSD-compatible nm
configure:4426: result: /usr/bin/nm -B
configure:4430: checking whether ln -s works
configure:4434: result: yes
configure:4441: checking how to recognize dependent libraries
configure:4627: result: pass_all
configure:4716: gcc -c -g -O2  conftest.c >&5
configure:4719: $? = 0
configure:5147: checking for ANSI C header files
configure:5177: gcc -c -g -O2  conftest.c >&5
configure:5184: $? = 0
configure:5283: gcc -o conftest -g -O2   conftest.c  >&5
configure:5287: $? = 0
configure:5293: ./conftest
configure:5297: $? = 0
configure:5315: result: yes
configure:5339: checking for sys/types.h
configure:5360: gcc -c -g -O2  conftest.c >&5
configure:5367: $? = 0
configure:5384: result: yes
configure:5339: checking for sys/stat.h
configure:5360: gcc -c -g -O2  conftest.c >&5
configure:5367: $? = 0
configure:5384: result: yes
configure:5339: checking for stdlib.h
configure:5360: gcc -c -g -O2  conftest.c >&5
configure:5367: $? = 0
configure:5384: result: yes
configure:5339: checking for string.h
configure:5360: gcc -c -g -O2  conftest.c >&5
configure:5367: $? = 0
configure:5384: result: yes
configure:5339: checking for memory.h
configure:5360: gcc -c -g -O2  conftest.c >&5
configure:5367: $? = 0
configure:5384: result: yes
configure:5339: checking for strings.h
configure:5360: gcc -c -g -O2  conftest.c >&5
configure:5367: $? = 0
configure:5384: result: yes
configure:5339: checking for inttypes.h
configure:5360: gcc -c -g -O2  conftest.c >&5
configure:5367: $? = 0
configure:5384: result: yes
configure:5339: checking for stdint.h
configure:5360: gcc -c -g -O2  conftest.c >&5
configure:5367: $? = 0
configure:5384: result: yes
configure:5339: checking for unistd.h
configure:5360: gcc -c -g -O2  conftest.c >&5
configure:5367: $? = 0
configure:5384: result: yes
configure:5414: checking dlfcn.h usability
configure:5431: gcc -c -g -O2  conftest.c >&5
configure:5438: $? = 0
configure:5452: result: yes
configure:5456: checking dlfcn.h presence
configure:5471: gcc -E  conftest.c
configure:5478: $? = 0
configure:5492: result: yes
configure:5525: checking for dlfcn.h
configure:5534: result: yes
configure:5607: checking for g++
configure:5623: found /usr/bin/g++
configure:5634: result: g++
configure:5661: checking for C++ compiler version
configure:5669: g++ --version >&5
g++ (GCC) 4.8.5 20150623 (Red Hat 4.8.5-11)
Copyright (C) 2015 Free Software Foundation, Inc.
This is free software; see the source for copying conditions.  There is NO
warranty; not even for MERCHANTABILITY or FITNESS FOR A PARTICULAR PURPOSE.

configure:5673: $? = 0
configure:5680: g++ -v >&5
Using built-in specs.
COLLECT_GCC=g++
COLLECT_LTO_WRAPPER=/usr/libexec/gcc/x86_64-redhat-linux/4.8.5/lto-wrapper
Target: x86_64-redhat-linux
Configured with: ../configure --prefix=/usr --mandir=/usr/share/man --infodir=/usr/share/info --with-bugurl=http://bugzilla.redhat.com/bugzilla --enable-bootstrap --enable-shared --enable-threads=posix --enable-checking=release --with-system-zlib --enable-__cxa_atexit --disable-libunwind-exceptions --enable-gnu-unique-object --enable-linker-build-id --with-linker-hash-style=gnu --enable-languages=c,c++,objc,obj-c++,java,fortran,ada,go,lto --enable-plugin --enable-initfini-array --disable-libgcj --with-isl=/builddir/build/BUILD/gcc-4.8.5-20150702/obj-x86_64-redhat-linux/isl-install --with-cloog=/builddir/build/BUILD/gcc-4.8.5-20150702/obj-x86_64-redhat-linux/cloog-install --enable-gnu-indirect-function --with-tune=generic --with-arch_32=x86-64 --build=x86_64-redhat-linux
Thread model: posix
gcc version 4.8.5 20150623 (Red Hat 4.8.5-11) (GCC) 
configure:5684: $? = 0
configure:5691: g++ -V >&5
g++: error: unrecognized command line option '-V'
g++: fatal error: no input files
compilation terminated.
configure:5695: $? = 4
configure:5698: checking whether we are using the GNU C++ compiler
configure:5727: g++ -c   conftest.cpp >&5
configure:5734: $? = 0
configure:5751: result: yes
configure:5760: checking whether g++ accepts -g
configure:5790: g++ -c -g  conftest.cpp >&5
configure:5797: $? = 0
configure:5898: result: yes
configure:5931: checking how to run the C++ preprocessor
configure:5967: g++ -E  conftest.cpp
configure:5974: $? = 0
configure:6005: g++ -E  conftest.cpp
conftest.cpp:21:28: fatal error: ac_nonexistent.h: No such file or directory
 #include <ac_nonexistent.h>
                            ^
compilation terminated.
configure:6012: $? = 1
configure: failed program was:
| /* confdefs.h.  */
| #define PACKAGE_NAME "mcpp"
| #define PACKAGE_TARNAME "mcpp"
| #define PACKAGE_VERSION "2.7.2"
| #define PACKAGE_STRING "mcpp 2.7.2"
| #define PACKAGE_BUGREPORT "kmatsui@t3.rim.or.jp"
| #define PACKAGE "mcpp"
| #define VERSION "2.7.2"
| #define STDC_HEADERS 1
| #define HAVE_SYS_TYPES_H 1
| #define HAVE_SYS_STAT_H 1
| #define HAVE_STDLIB_H 1
| #define HAVE_STRING_H 1
| #define HAVE_MEMORY_H 1
| #define HAVE_STRINGS_H 1
| #define HAVE_INTTYPES_H 1
| #define HAVE_STDINT_H 1
| #define HAVE_UNISTD_H 1
| #define HAVE_DLFCN_H 1
| /* end confdefs.h.  */
| #include <ac_nonexistent.h>
configure:6045: result: g++ -E
configure:6074: g++ -E  conftest.cpp
configure:6081: $? = 0
configure:6112: g++ -E  conftest.cpp
conftest.cpp:21:28: fatal error: ac_nonexistent.h: No such file or directory
 #include <ac_nonexistent.h>
                            ^
compilation terminated.
configure:6119: $? = 1
configure: failed program was:
| /* confdefs.h.  */
| #define PACKAGE_NAME "mcpp"
| #define PACKAGE_TARNAME "mcpp"
| #define PACKAGE_VERSION "2.7.2"
| #define PACKAGE_STRING "mcpp 2.7.2"
| #define PACKAGE_BUGREPORT "kmatsui@t3.rim.or.jp"
| #define PACKAGE "mcpp"
| #define VERSION "2.7.2"
| #define STDC_HEADERS 1
| #define HAVE_SYS_TYPES_H 1
| #define HAVE_SYS_STAT_H 1
| #define HAVE_STDLIB_H 1
| #define HAVE_STRING_H 1
| #define HAVE_MEMORY_H 1
| #define HAVE_STRINGS_H 1
| #define HAVE_INTTYPES_H 1
| #define HAVE_STDINT_H 1
| #define HAVE_UNISTD_H 1
| #define HAVE_DLFCN_H 1
| /* end confdefs.h.  */
| #include <ac_nonexistent.h>
configure:6214: checking for g77
configure:6244: result: no
configure:6214: checking for xlf
configure:6244: result: no
configure:6214: checking for f77
configure:6244: result: no
configure:6214: checking for frt
configure:6230: found /opt/FJSVpclang/1.2.0/bin/frt
configure:6241: result: frt
configure:6267: checking for Fortran 77 compiler version
configure:6275: frt --version >&5
frt: warning: --version is unrecognized option. This option is passed to the linker.
usage: frt [options] files.
configure:6279: $? = 0
configure:6286: frt -v >&5
frt: warning: Invalid suboption specified for -v.
usage: frt [options] files.
configure:6290: $? = 0
configure:6297: frt -V >&5
frt: Fujitsu Fortran Driver Version 1.2.0 P-id: T01816-02 (Jul 12 2018 16:27:13)
usage: frt [options] files.
configure:6301: $? = 0
configure:6309: checking whether we are using the GNU Fortran 77 compiler
configure:6328: frt -c  conftest.F >&5
Fortran diagnostic messages: program name(main)
  jwd1302i-s  "conftest.F", line 3: Not a valid Fortran statement.
configure:6335: $? = 1
configure: failed program was:
|       program main
| #ifndef __GNUC__
|        choke me
| #endif
| 
|       end
configure:6352: result: no
configure:6358: checking whether frt accepts -g
configure:6375: frt -c -g conftest.f >&5
frt: -g specified, level of -O changed to 0.
configure:6382: $? = 0
configure:6398: result: yes
configure:6432: checking the maximum length of command line arguments
configure:6544: result: 1572864
configure:6556: checking command to parse /usr/bin/nm -B output from gcc object
configure:6661: gcc -c -g -O2  conftest.c >&5
configure:6664: $? = 0
configure:6668: /usr/bin/nm -B conftest.o \| sed -n -e 's/^.*[ 	]\([ABCDGIRSTW][ABCDGIRSTW]*\)[ 	][ 	]*\([_A-Za-z][_A-Za-z0-9]*\)$/\1 \2 \2/p' \> conftest.nm
configure:6671: $? = 0
configure:6723: gcc -o conftest -g -O2   conftest.c conftstm.o >&5
configure:6726: $? = 0
configure:6764: result: ok
configure:6768: checking for objdir
configure:6783: result: .libs
configure:6875: checking for ar
configure:6891: found /usr/bin/ar
configure:6902: result: ar
configure:6967: checking for ranlib
configure:6983: found /usr/bin/ranlib
configure:6994: result: ranlib
configure:7059: checking for strip
configure:7075: found /usr/bin/strip
configure:7086: result: strip
configure:7368: checking if gcc supports -fno-rtti -fno-exceptions
configure:7386: gcc -c -g -O2  -fno-rtti -fno-exceptions conftest.c >&5
cc1: warning: command line option '-fno-rtti' is valid for C++/ObjC++ but not for C [enabled by default]
configure:7390: $? = 0
configure:7403: result: no
configure:7418: checking for gcc option to produce PIC
configure:7650: result: -fPIC
configure:7658: checking if gcc PIC flag -fPIC works
configure:7676: gcc -c -g -O2  -fPIC -DPIC conftest.c >&5
configure:7680: $? = 0
configure:7693: result: yes
configure:7721: checking if gcc static flag -static works
configure:7749: result: no
configure:7759: checking if gcc supports -c -o file.o
configure:7780: gcc -c -g -O2  -o out/conftest2.o conftest.c >&5
configure:7784: $? = 0
configure:7806: result: yes
configure:7832: checking whether the gcc linker (/usr/bin/ld -m elf_x86_64) supports shared libraries
configure:8820: result: yes
configure:8841: checking whether -lc should be explicitly linked in
configure:8846: gcc -c -g -O2  conftest.c >&5
configure:8849: $? = 0
configure:8864: gcc -shared conftest.o  -v -Wl,-soname -Wl,conftest -o conftest 2\>\&1 \| grep  -lc  \>/dev/null 2\>\&1
configure:8867: $? = 0
configure:8879: result: no
configure:8887: checking dynamic linker characteristics
configure:9491: result: GNU/Linux ld.so
configure:9500: checking how to hardcode library paths into programs
configure:9525: result: immediate
configure:9539: checking whether stripping libraries is possible
configure:9544: result: yes
configure:10374: checking if libtool supports shared libraries
configure:10376: result: yes
configure:10379: checking whether to build shared libraries
configure:10400: result: yes
configure:10403: checking whether to build static libraries
configure:10407: result: yes
configure:10500: creating libtool
configure:11088: checking for ld used by g++
configure:11155: result: /usr/bin/ld -m elf_x86_64
configure:11164: checking if the linker (/usr/bin/ld -m elf_x86_64) is GNU ld
configure:11179: result: yes
configure:11230: checking whether the g++ linker (/usr/bin/ld -m elf_x86_64) supports shared libraries
configure:12212: result: yes
configure:12230: g++ -c -g -O2  conftest.cpp >&5
configure:12233: $? = 0
configure:12385: checking for g++ option to produce PIC
configure:12669: result: -fPIC
configure:12677: checking if g++ PIC flag -fPIC works
configure:12695: g++ -c -g -O2  -fPIC -DPIC conftest.cpp >&5
configure:12699: $? = 0
configure:12712: result: yes
configure:12740: checking if g++ static flag -static works
configure:12768: result: no
configure:12778: checking if g++ supports -c -o file.o
configure:12799: g++ -c -g -O2  -o out/conftest2.o conftest.cpp >&5
configure:12803: $? = 0
configure:12825: result: yes
configure:12851: checking whether the g++ linker (/usr/bin/ld -m elf_x86_64) supports shared libraries
configure:12876: result: yes
configure:12943: checking dynamic linker characteristics
configure:13495: result: GNU/Linux ld.so
configure:13504: checking how to hardcode library paths into programs
configure:13529: result: immediate
configure:14063: checking if libtool supports shared libraries
configure:14065: result: yes
configure:14068: checking whether to build shared libraries
configure:14088: result: yes
configure:14091: checking whether to build static libraries
configure:14095: result: yes
configure:14105: checking for frt option to produce PIC
configure:14337: result: -fPIC
configure:14345: checking if frt PIC flag -fPIC works
configure:14363: frt -c -g -fPIC conftest.f >&5
frt: warning: Invalid suboption PIC specified for -f.
frt: -g specified, level of -O changed to 0.
configure:14367: $? = 0
configure:14380: result: no
configure:14408: checking if frt static flag -static works
configure:14436: result: no
configure:14446: checking if frt supports -c -o file.o
configure:14467: frt -c -g -o out/conftest2.o conftest.f >&5
frt: -g specified, level of -O changed to 0.
configure:14471: $? = 0
configure:14493: result: yes
configure:14519: checking whether the frt linker (/usr/bin/ld -m elf_x86_64) supports shared libraries
configure:15487: result: yes
configure:15554: checking dynamic linker characteristics
configure:16106: result: GNU/Linux ld.so
configure:16115: checking how to hardcode library paths into programs
configure:16140: result: immediate
configure:19722: checking whether the cpp is target preprocessor
configure:19730: result: yes
configure:19867: checking for target cpu
configure:19892: result: x86_64
configure:19926: checking unistd.h, usability
configure:19943: gcc -c -g -O2  conftest.c >&5
conftest.c:58:21: fatal error: unistd.h,: No such file or directory
 #include <unistd.h,>
                     ^
compilation terminated.
configure:19950: $? = 1
configure: failed program was:
| /* confdefs.h.  */
| #define PACKAGE_NAME "mcpp"
| #define PACKAGE_TARNAME "mcpp"
| #define PACKAGE_VERSION "2.7.2"
| #define PACKAGE_STRING "mcpp 2.7.2"
| #define PACKAGE_BUGREPORT "kmatsui@t3.rim.or.jp"
| #define PACKAGE "mcpp"
| #define VERSION "2.7.2"
| #define STDC_HEADERS 1
| #define HAVE_SYS_TYPES_H 1
| #define HAVE_SYS_STAT_H 1
| #define HAVE_STDLIB_H 1
| #define HAVE_STRING_H 1
| #define HAVE_MEMORY_H 1
| #define HAVE_STRINGS_H 1
| #define HAVE_INTTYPES_H 1
| #define HAVE_STDINT_H 1
| #define HAVE_UNISTD_H 1
| #define HAVE_DLFCN_H 1
| #define HOST_SYSTEM SYS_LINUX
| #define SYSTEM SYS_LINUX
| #define COMPILER INDEPENDENT
| #define CPU "x86_64"
| /* end confdefs.h.  */
| #include <stdio.h>
| #ifdef HAVE_SYS_TYPES_H
| # include <sys/types.h>
| #endif
| #ifdef HAVE_SYS_STAT_H
| # include <sys/stat.h>
| #endif
| #ifdef STDC_HEADERS
| # include <stdlib.h>
| # include <stddef.h>
| #else
| # ifdef HAVE_STDLIB_H
| #  include <stdlib.h>
| # endif
| #endif
| #ifdef HAVE_STRING_H
| # if !defined STDC_HEADERS && defined HAVE_MEMORY_H
| #  include <memory.h>
| # endif
| # include <string.h>
| #endif
| #ifdef HAVE_STRINGS_H
| # include <strings.h>
| #endif
| #ifdef HAVE_INTTYPES_H
| # include <inttypes.h>
| #endif
| #ifdef HAVE_STDINT_H
| # include <stdint.h>
| #endif
| #ifdef HAVE_UNISTD_H
| # include <unistd.h>
| #endif
| #include <unistd.h,>
configure:19964: result: no
configure:19968: checking unistd.h, presence
configure:19983: gcc -E  conftest.c
conftest.c:25:21: fatal error: unistd.h,: No such file or directory
 #include <unistd.h,>
                     ^
compilation terminated.
configure:19990: $? = 1
configure: failed program was:
| /* confdefs.h.  */
| #define PACKAGE_NAME "mcpp"
| #define PACKAGE_TARNAME "mcpp"
| #define PACKAGE_VERSION "2.7.2"
| #define PACKAGE_STRING "mcpp 2.7.2"
| #define PACKAGE_BUGREPORT "kmatsui@t3.rim.or.jp"
| #define PACKAGE "mcpp"
| #define VERSION "2.7.2"
| #define STDC_HEADERS 1
| #define HAVE_SYS_TYPES_H 1
| #define HAVE_SYS_STAT_H 1
| #define HAVE_STDLIB_H 1
| #define HAVE_STRING_H 1
| #define HAVE_MEMORY_H 1
| #define HAVE_STRINGS_H 1
| #define HAVE_INTTYPES_H 1
| #define HAVE_STDINT_H 1
| #define HAVE_UNISTD_H 1
| #define HAVE_DLFCN_H 1
| #define HOST_SYSTEM SYS_LINUX
| #define SYSTEM SYS_LINUX
| #define COMPILER INDEPENDENT
| #define CPU "x86_64"
| /* end confdefs.h.  */
| #include <unistd.h,>
configure:20004: result: no
configure:20037: checking for unistd.h,
configure:20046: result: no
configure:19926: checking stdint.h, usability
configure:19943: gcc -c -g -O2  conftest.c >&5
conftest.c:58:21: fatal error: stdint.h,: No such file or directory
 #include <stdint.h,>
                     ^
compilation terminated.
configure:19950: $? = 1
configure: failed program was:
| /* confdefs.h.  */
| #define PACKAGE_NAME "mcpp"
| #define PACKAGE_TARNAME "mcpp"
| #define PACKAGE_VERSION "2.7.2"
| #define PACKAGE_STRING "mcpp 2.7.2"
| #define PACKAGE_BUGREPORT "kmatsui@t3.rim.or.jp"
| #define PACKAGE "mcpp"
| #define VERSION "2.7.2"
| #define STDC_HEADERS 1
| #define HAVE_SYS_TYPES_H 1
| #define HAVE_SYS_STAT_H 1
| #define HAVE_STDLIB_H 1
| #define HAVE_STRING_H 1
| #define HAVE_MEMORY_H 1
| #define HAVE_STRINGS_H 1
| #define HAVE_INTTYPES_H 1
| #define HAVE_STDINT_H 1
| #define HAVE_UNISTD_H 1
| #define HAVE_DLFCN_H 1
| #define HOST_SYSTEM SYS_LINUX
| #define SYSTEM SYS_LINUX
| #define COMPILER INDEPENDENT
| #define CPU "x86_64"
| /* end confdefs.h.  */
| #include <stdio.h>
| #ifdef HAVE_SYS_TYPES_H
| # include <sys/types.h>
| #endif
| #ifdef HAVE_SYS_STAT_H
| # include <sys/stat.h>
| #endif
| #ifdef STDC_HEADERS
| # include <stdlib.h>
| # include <stddef.h>
| #else
| # ifdef HAVE_STDLIB_H
| #  include <stdlib.h>
| # endif
| #endif
| #ifdef HAVE_STRING_H
| # if !defined STDC_HEADERS && defined HAVE_MEMORY_H
| #  include <memory.h>
| # endif
| # include <string.h>
| #endif
| #ifdef HAVE_STRINGS_H
| # include <strings.h>
| #endif
| #ifdef HAVE_INTTYPES_H
| # include <inttypes.h>
| #endif
| #ifdef HAVE_STDINT_H
| # include <stdint.h>
| #endif
| #ifdef HAVE_UNISTD_H
| # include <unistd.h>
| #endif
| #include <stdint.h,>
configure:19964: result: no
configure:19968: checking stdint.h, presence
configure:19983: gcc -E  conftest.c
conftest.c:25:21: fatal error: stdint.h,: No such file or directory
 #include <stdint.h,>
                     ^
compilation terminated.
configure:19990: $? = 1
configure: failed program was:
| /* confdefs.h.  */
| #define PACKAGE_NAME "mcpp"
| #define PACKAGE_TARNAME "mcpp"
| #define PACKAGE_VERSION "2.7.2"
| #define PACKAGE_STRING "mcpp 2.7.2"
| #define PACKAGE_BUGREPORT "kmatsui@t3.rim.or.jp"
| #define PACKAGE "mcpp"
| #define VERSION "2.7.2"
| #define STDC_HEADERS 1
| #define HAVE_SYS_TYPES_H 1
| #define HAVE_SYS_STAT_H 1
| #define HAVE_STDLIB_H 1
| #define HAVE_STRING_H 1
| #define HAVE_MEMORY_H 1
| #define HAVE_STRINGS_H 1
| #define HAVE_INTTYPES_H 1
| #define HAVE_STDINT_H 1
| #define HAVE_UNISTD_H 1
| #define HAVE_DLFCN_H 1
| #define HOST_SYSTEM SYS_LINUX
| #define SYSTEM SYS_LINUX
| #define COMPILER INDEPENDENT
| #define CPU "x86_64"
| /* end confdefs.h.  */
| #include <stdint.h,>
configure:20004: result: no
configure:20037: checking for stdint.h,
configure:20046: result: no
configure:19915: checking for inttypes.h
configure:19922: result: yes
configure:20063: checking for intmax_t
configure:20091: gcc -c -g -O2  conftest.c >&5
configure:20098: $? = 0
configure:20125: gcc -c -g -O2  conftest.c >&5
conftest.c: In function 'main':
conftest.c:62:23: error: expected expression before ')' token
 if (sizeof ((intmax_t)))
                       ^
configure:20132: $? = 1
configure: failed program was:
| /* confdefs.h.  */
| #define PACKAGE_NAME "mcpp"
| #define PACKAGE_TARNAME "mcpp"
| #define PACKAGE_VERSION "2.7.2"
| #define PACKAGE_STRING "mcpp 2.7.2"
| #define PACKAGE_BUGREPORT "kmatsui@t3.rim.or.jp"
| #define PACKAGE "mcpp"
| #define VERSION "2.7.2"
| #define STDC_HEADERS 1
| #define HAVE_SYS_TYPES_H 1
| #define HAVE_SYS_STAT_H 1
| #define HAVE_STDLIB_H 1
| #define HAVE_STRING_H 1
| #define HAVE_MEMORY_H 1
| #define HAVE_STRINGS_H 1
| #define HAVE_INTTYPES_H 1
| #define HAVE_STDINT_H 1
| #define HAVE_UNISTD_H 1
| #define HAVE_DLFCN_H 1
| #define HOST_SYSTEM SYS_LINUX
| #define SYSTEM SYS_LINUX
| #define COMPILER INDEPENDENT
| #define CPU "x86_64"
| #define HAVE_INTTYPES_H 1
| /* end confdefs.h.  */
| #include <stdio.h>
| #ifdef HAVE_SYS_TYPES_H
| # include <sys/types.h>
| #endif
| #ifdef HAVE_SYS_STAT_H
| # include <sys/stat.h>
| #endif
| #ifdef STDC_HEADERS
| # include <stdlib.h>
| # include <stddef.h>
| #else
| # ifdef HAVE_STDLIB_H
| #  include <stdlib.h>
| # endif
| #endif
| #ifdef HAVE_STRING_H
| # if !defined STDC_HEADERS && defined HAVE_MEMORY_H
| #  include <memory.h>
| # endif
| # include <string.h>
| #endif
| #ifdef HAVE_STRINGS_H
| # include <strings.h>
| #endif
| #ifdef HAVE_INTTYPES_H
| # include <inttypes.h>
| #endif
| #ifdef HAVE_STDINT_H
| # include <stdint.h>
| #endif
| #ifdef HAVE_UNISTD_H
| # include <unistd.h>
| #endif
| int
| main ()
| {
| if (sizeof ((intmax_t)))
| 	  return 0;
|   ;
|   return 0;
| }
configure:20155: result: yes
configure:20165: checking for long long
configure:20193: gcc -c -g -O2  conftest.c >&5
configure:20200: $? = 0
configure:20227: gcc -c -g -O2  conftest.c >&5
conftest.c: In function 'main':
conftest.c:63:24: error: expected expression before ')' token
 if (sizeof ((long long)))
                        ^
configure:20234: $? = 1
configure: failed program was:
| /* confdefs.h.  */
| #define PACKAGE_NAME "mcpp"
| #define PACKAGE_TARNAME "mcpp"
| #define PACKAGE_VERSION "2.7.2"
| #define PACKAGE_STRING "mcpp 2.7.2"
| #define PACKAGE_BUGREPORT "kmatsui@t3.rim.or.jp"
| #define PACKAGE "mcpp"
| #define VERSION "2.7.2"
| #define STDC_HEADERS 1
| #define HAVE_SYS_TYPES_H 1
| #define HAVE_SYS_STAT_H 1
| #define HAVE_STDLIB_H 1
| #define HAVE_STRING_H 1
| #define HAVE_MEMORY_H 1
| #define HAVE_STRINGS_H 1
| #define HAVE_INTTYPES_H 1
| #define HAVE_STDINT_H 1
| #define HAVE_UNISTD_H 1
| #define HAVE_DLFCN_H 1
| #define HOST_SYSTEM SYS_LINUX
| #define SYSTEM SYS_LINUX
| #define COMPILER INDEPENDENT
| #define CPU "x86_64"
| #define HAVE_INTTYPES_H 1
| #define HAVE_INTMAX_T 1
| /* end confdefs.h.  */
| #include <stdio.h>
| #ifdef HAVE_SYS_TYPES_H
| # include <sys/types.h>
| #endif
| #ifdef HAVE_SYS_STAT_H
| # include <sys/stat.h>
| #endif
| #ifdef STDC_HEADERS
| # include <stdlib.h>
| # include <stddef.h>
| #else
| # ifdef HAVE_STDLIB_H
| #  include <stdlib.h>
| # endif
| #endif
| #ifdef HAVE_STRING_H
| # if !defined STDC_HEADERS && defined HAVE_MEMORY_H
| #  include <memory.h>
| # endif
| # include <string.h>
| #endif
| #ifdef HAVE_STRINGS_H
| # include <strings.h>
| #endif
| #ifdef HAVE_INTTYPES_H
| # include <inttypes.h>
| #endif
| #ifdef HAVE_STDINT_H
| # include <stdint.h>
| #endif
| #ifdef HAVE_UNISTD_H
| # include <unistd.h>
| #endif
| int
| main ()
| {
| if (sizeof ((long long)))
| 	  return 0;
|   ;
|   return 0;
| }
configure:20257: result: yes
configure:20274: checking for stpcpy
configure:20330: gcc -o conftest -g -O2   conftest.c  >&5
conftest.c:51:6: warning: conflicting types for built-in function 'stpcpy' [enabled by default]
 char stpcpy ();
      ^
configure:20337: $? = 0
configure:20359: result: yes
configure:20373: checking if the cases of filename are folded
configure:20404: gcc -o conftest -g -O2   conftest.c  >&5
configure:20408: $? = 0
configure:20414: ./conftest
configure:20418: $? = 2
configure: program exited with status 2
configure: failed program was:
| 
| #include    <stdio.h>
| #include    <errno.h>
|     void exit();
| int main( void)
| {
|     if (fopen( "HjKl", "r") == NULL)
|         exit( errno);
|     else
|         exit( 0);
| }
configure:20434: result: no
configure:20460: checking printf length modifier for the longest integer
configure:20498: gcc -o conftest -g -O2   conftest.c  >&5
configure:20502: $? = 0
configure:20508: ./conftest
configure:20512: $? = 0
configure:20528: result: j
configure:20541: checking printf length modifier for the longest integer
configure:20609: result: j
configure:20654: checking for value of __GNUC__
configure:20657: result: 4
configure:20664: checking for value of __GNUC_MINOR__
configure:20667: result: 8
configure:22539: creating ./config.status

## ---------------------- ##
## Running config.status. ##
## ---------------------- ##

This file was extended by mcpp config.status 2.7.2, which was
generated by GNU Autoconf 2.63.  Invocation command line was

  CONFIG_FILES    = 
  CONFIG_HEADERS  = 
  CONFIG_LINKS    = 
  CONFIG_COMMANDS = 
  $ ./config.status 

on ito-2

config.status:811: creating Makefile
config.status:811: creating src/Makefile
config.status:811: creating tests/Makefile
config.status:811: creating src/config.h

## ---------------- ##
## Cache variables. ##
## ---------------- ##

ac_cv_build=x86_64-unknown-linux-gnu
ac_cv_c_compiler_gnu=yes
ac_cv_c_printf_modifier=j
ac_cv_cxx_compiler_gnu=yes
ac_cv_env_CCC_set=
ac_cv_env_CCC_value=
ac_cv_env_CC_set=
ac_cv_env_CC_value=
ac_cv_env_CFLAGS_set=
ac_cv_env_CFLAGS_value=
ac_cv_env_CPPFLAGS_set=
ac_cv_env_CPPFLAGS_value=
ac_cv_env_CPP_set=
ac_cv_env_CPP_value=
ac_cv_env_CXXCPP_set=
ac_cv_env_CXXCPP_value=
ac_cv_env_CXXFLAGS_set=
ac_cv_env_CXXFLAGS_value=
ac_cv_env_CXX_set=
ac_cv_env_CXX_value=
ac_cv_env_F77_set=
ac_cv_env_F77_value=
ac_cv_env_FFLAGS_set=
ac_cv_env_FFLAGS_value=
ac_cv_env_LDFLAGS_set=
ac_cv_env_LDFLAGS_value=
ac_cv_env_LIBS_set=
ac_cv_env_LIBS_value=
ac_cv_env_build_alias_set=
ac_cv_env_build_alias_value=
ac_cv_env_host_alias_set=
ac_cv_env_host_alias_value=
ac_cv_env_target_alias_set=
ac_cv_env_target_alias_value=
ac_cv_f77_compiler_gnu=no
ac_cv_fname_fold=no
ac_cv_func_stpcpy=yes
ac_cv_header_dlfcn_h=yes
ac_cv_header_inttypes_h=yes
ac_cv_header_memory_h=yes
ac_cv_header_stdc=yes
ac_cv_header_stdint_h=yes
ac_cv_header_stdint_h_=no
ac_cv_header_stdlib_h=yes
ac_cv_header_string_h=yes
ac_cv_header_strings_h=yes
ac_cv_header_sys_stat_h=yes
ac_cv_header_sys_types_h=yes
ac_cv_header_unistd_h=yes
ac_cv_header_unistd_h_=no
ac_cv_host=x86_64-unknown-linux-gnu
ac_cv_objext=o
ac_cv_path_EGREP='/usr/bin/grep -E'
ac_cv_path_GREP=/usr/bin/grep
ac_cv_path_install='/usr/bin/install -c'
ac_cv_path_mkdir=/usr/bin/mkdir
ac_cv_prog_AWK=gawk
ac_cv_prog_CPP='gcc -E'
ac_cv_prog_CXXCPP='g++ -E'
ac_cv_prog_ac_ct_AR=ar
ac_cv_prog_ac_ct_CC=gcc
ac_cv_prog_ac_ct_CXX=g++
ac_cv_prog_ac_ct_F77=frt
ac_cv_prog_ac_ct_RANLIB=ranlib
ac_cv_prog_ac_ct_STRIP=strip
ac_cv_prog_cc_c89=
ac_cv_prog_cc_g=yes
ac_cv_prog_cxx_g=yes
ac_cv_prog_f77_g=yes
ac_cv_prog_make_make_set=yes
ac_cv_target=x86_64-unknown-linux-gnu
ac_cv_type_intmax_t=yes
ac_cv_type_long_long=yes
lt_cv_deplibs_check_method=pass_all
lt_cv_file_magic_cmd='$MAGIC_CMD'
lt_cv_file_magic_test_file=
lt_cv_ld_reload_flag=-r
lt_cv_objdir=.libs
lt_cv_path_LD=/usr/bin/ld
lt_cv_path_LDCXX='/usr/bin/ld -m elf_x86_64'
lt_cv_path_NM='/usr/bin/nm -B'
lt_cv_path_SED=/usr/bin/sed
lt_cv_prog_compiler_c_o=yes
lt_cv_prog_compiler_c_o_CXX=yes
lt_cv_prog_compiler_c_o_F77=yes
lt_cv_prog_compiler_rtti_exceptions=no
lt_cv_prog_gnu_ld=yes
lt_cv_prog_gnu_ldcxx=yes
lt_cv_sys_global_symbol_pipe='sed -n -e '\''s/^.*[ 	]\([ABCDGIRSTW][ABCDGIRSTW]*\)[ 	][ 	]*\([_A-Za-z][_A-Za-z0-9]*\)$/\1 \2 \2/p'\'''
lt_cv_sys_global_symbol_to_c_name_address='sed -n -e '\''s/^: \([^ ]*\) $/  {\"\1\", (lt_ptr) 0},/p'\'' -e '\''s/^[BCDEGRST] \([^ ]*\) \([^ ]*\)$/  {"\2", (lt_ptr) \&\2},/p'\'''
lt_cv_sys_global_symbol_to_cdecl='sed -n -e '\''s/^. .* \(.*\)$/extern int \1;/p'\'''
lt_cv_sys_max_cmd_len=1572864
lt_lt_cv_prog_compiler_c_o='"yes"'
lt_lt_cv_prog_compiler_c_o_CXX='"yes"'
lt_lt_cv_prog_compiler_c_o_F77='"yes"'
lt_lt_cv_sys_global_symbol_pipe='"sed -n -e '\''s/^.*[ 	]\\([ABCDGIRSTW][ABCDGIRSTW]*\\)[ 	][ 	]*\\([_A-Za-z][_A-Za-z0-9]*\\)\$/\\1 \\2 \\2/p'\''"'
lt_lt_cv_sys_global_symbol_to_c_name_address='"sed -n -e '\''s/^: \\([^ ]*\\) \$/  {\\\"\\1\\\", (lt_ptr) 0},/p'\'' -e '\''s/^[BCDEGRST] \\([^ ]*\\) \\([^ ]*\\)\$/  {\"\\2\", (lt_ptr) \\&\\2},/p'\''"'
lt_lt_cv_sys_global_symbol_to_cdecl='"sed -n -e '\''s/^. .* \\(.*\\)\$/extern int \\1;/p'\''"'

## ----------------- ##
## Output variables. ##
## ----------------- ##

ACLOCAL='${SHELL} /home/usr9/r70209a/sc-tascell/src/c2scpp/config/missing --run aclocal-1.10'
AMTAR='${SHELL} /home/usr9/r70209a/sc-tascell/src/c2scpp/config/missing --run tar'
AR='ar'
AS='as'
AUTOCONF='${SHELL} /home/usr9/r70209a/sc-tascell/src/c2scpp/config/missing --run autoconf'
AUTOHEADER='${SHELL} /home/usr9/r70209a/sc-tascell/src/c2scpp/config/missing --run autoheader'
AUTOMAKE='${SHELL} /home/usr9/r70209a/sc-tascell/src/c2scpp/config/missing --run automake-1.10'
AWK='gawk'
CC='gcc'
CFLAGS='-g -O2'
CPP='gcc -E'
CPPFLAGS=''
CXX='g++'
CXXCPP='g++ -E'
CXXFLAGS='-g -O2'
CYGPATH_W='echo'
DEFS='-DHAVE_CONFIG_H'
DLLTOOL='dlltool'
ECHO='echo'
ECHO_C=''
ECHO_N='-n'
ECHO_T=''
EGREP='/usr/bin/grep -E'
EXEEXT=''
F77='frt'
FFLAGS='-g'
GNUC_FALSE='#'
GNUC_TRUE=''
GREP='/usr/bin/grep'
INSTALL_DATA='${INSTALL} -m 644'
INSTALL_PROGRAM='${INSTALL}'
INSTALL_SCRIPT='${INSTALL}'
INSTALL_STRIP_PROGRAM='$(install_sh) -c -s'
LDFLAGS=''
LIBOBJS=''
LIBS=''
LIBTOOL='$(SHELL) $(top_builddir)/libtool'
LN_S='ln -s'
LTLIBOBJS=''
MAKEINFO='${SHELL} /home/usr9/r70209a/sc-tascell/src/c2scpp/config/missing --run makeinfo'
MCPP_LIB_FALSE=''
MCPP_LIB_TRUE='#'
MINGW_FALSE=''
MINGW_TRUE='#'
MKDIR_P='/usr/bin/mkdir -p'
OBJDUMP='objdump'
OBJEXT='o'
PACKAGE='mcpp'
PACKAGE_BUGREPORT='kmatsui@t3.rim.or.jp'
PACKAGE_NAME='mcpp'
PACKAGE_STRING='mcpp 2.7.2'
PACKAGE_TARNAME='mcpp'
PACKAGE_VERSION='2.7.2'
PATH_SEPARATOR=':'
RANLIB='ranlib'
REPLACE_CPP_FALSE=''
REPLACE_CPP_TRUE='#'
SED='/usr/bin/sed'
SET_MAKE=''
SHELL='/bin/sh'
STRIP='strip'
Target_Cpu='x86_64'
VERSION='2.7.2'
ac_ct_CC='gcc'
ac_ct_CXX='g++'
ac_ct_F77='frt'
am__isrc=''
am__leading_dot='.'
am__tar='${AMTAR} chof - "$$tardir"'
am__untar='${AMTAR} xf -'
bindir='${exec_prefix}/bin'
build='x86_64-unknown-linux-gnu'
build_alias=''
build_cpu='x86_64'
build_os='linux-gnu'
build_vendor='unknown'
cpp_call=''
datadir='${datarootdir}'
datarootdir='${prefix}/share'
docdir='${datarootdir}/doc/${PACKAGE_TARNAME}'
dvidir='${docdir}'
exec_prefix='${prefix}'
gcc_maj_ver='4'
gcc_min_ver='8'
gcc_path=''
gcc_testsuite_dir=''
host='x86_64-unknown-linux-gnu'
host_alias=''
host_cpu='x86_64'
host_os='linux-gnu'
host_system='SYS_LINUX'
host_vendor='unknown'
htmldir='${docdir}'
inc_dir=''
includedir='${prefix}/include'
infodir='${datarootdir}/info'
install_sh='$(SHELL) /home/usr9/r70209a/sc-tascell/src/c2scpp/config/install-sh'
libdir='${exec_prefix}/lib'
libexecdir='${exec_prefix}/libexec'
localedir='${datarootdir}/locale'
localstatedir='${prefix}/var'
mandir='${datarootdir}/man'
mkdir_p='/usr/bin/mkdir -p'
oldincludedir='/usr/include'
pdfdir='${docdir}'
prefix='/usr/local'
program_transform_name='s,x,x,'
psdir='${docdir}'
sbindir='${exec_prefix}/sbin'
sharedstatedir='${prefix}/com'
sysconfdir='${prefix}/etc'
target='x86_64-unknown-linux-gnu'
target_alias=''
target_cc=''
target_cpu='x86_64'
target_os='linux-gnu'
target_vendor='unknown'

## ----------- ##
## confdefs.h. ##
## ----------- ##

#define PACKAGE_NAME "mcpp"
#define PACKAGE_TARNAME "mcpp"
#define PACKAGE_VERSION "2.7.2"
#define PACKAGE_STRING "mcpp 2.7.2"
#define PACKAGE_BUGREPORT "kmatsui@t3.rim.or.jp"
#define PACKAGE "mcpp"
#define VERSION "2.7.2"
#define STDC_HEADERS 1
#define HAVE_SYS_TYPES_H 1
#define HAVE_SYS_STAT_H 1
#define HAVE_STDLIB_H 1
#define HAVE_STRING_H 1
#define HAVE_MEMORY_H 1
#define HAVE_STRINGS_H 1
#define HAVE_INTTYPES_H 1
#define HAVE_STDINT_H 1
#define HAVE_UNISTD_H 1
#define HAVE_DLFCN_H 1
#define HOST_SYSTEM SYS_LINUX
#define SYSTEM SYS_LINUX
#define COMPILER INDEPENDENT
#define CPU "x86_64"
#define HAVE_INTTYPES_H 1
#define HAVE_INTMAX_T 1
#define HAVE_LONG_LONG 1
#define HAVE_STPCPY 1
#define OBJEXT "o"
#define LL_FORM "j"
#define HOST_COMPILER GNUC
#define HOST_CMP_NAME "GCC"
#define GCC_MAJOR_VERSION "4"
#define GCC_MINOR_VERSION "8"

configure: exit 0
